<?xml version="1.0" encoding="UTF-8"?>
<!-- Generated by org.testng.reporters.JUnitReportReporter -->
<testsuite skipped="0" hostname="DESKTOP-V77OR2O" name="com.actitime.all_test_scripts.TestScript3" tests="1" failures="0" timestamp="12 Oct 2018 15:47:53 GMT" time="11.392" errors="0">
  <testcase name="testTestScript3" time="11.392" classname="com.actitime.all_test_scripts.TestScript3"/>
</testsuite> <!-- com.actitime.all_test_scripts.TestScript3 -->
