<?xml version="1.0" encoding="UTF-8"?>
<!-- Generated by org.testng.reporters.JUnitReportReporter -->
<testsuite skipped="0" hostname="DESKTOP-V77OR2O" name="com.actitime.all_test_scripts.clap" tests="1" failures="0" timestamp="07 Oct 2018 13:35:06 GMT" time="16.279" errors="0">
  <testcase name="testclap" time="16.279" classname="com.actitime.all_test_scripts.clap"/>
</testsuite> <!-- com.actitime.all_test_scripts.clap -->
