<?xml version="1.0" encoding="UTF-8"?>
<!-- Generated by org.testng.reporters.JUnitReportReporter -->
<testsuite skipped="0" hostname="DESKTOP-V77OR2O" name="com.actitime.all_test_scripts.Testscript1" tests="1" failures="0" timestamp="04 Nov 2018 06:22:14 GMT" time="45.493" errors="0">
  <testcase name="testTestscript1" time="45.493" classname="com.actitime.all_test_scripts.Testscript1"/>
</testsuite> <!-- com.actitime.all_test_scripts.Testscript1 -->
