<?xml version="1.0" encoding="UTF-8"?>
<!-- Generated by org.testng.reporters.JUnitReportReporter -->
<testsuite skipped="0" hostname="DESKTOP-V77OR2O" name="com.actitime.all_test_scripts.Drop_down2" tests="1" failures="0" timestamp="12 Oct 2018 06:23:15 GMT" time="21.581" errors="0">
  <testcase name="testDropdown1" time="21.581" classname="com.actitime.all_test_scripts.Drop_down2"/>
</testsuite> <!-- com.actitime.all_test_scripts.Drop_down2 -->
