<?xml version="1.0" encoding="UTF-8"?>
<!-- Generated by org.testng.reporters.JUnitReportReporter -->
<testsuite skipped="0" hostname="DESKTOP-V77OR2O" name="com.actitime.all_test_scripts.TestScript4" tests="1" failures="0" timestamp="12 Oct 2018 16:08:08 GMT" time="10.763" errors="0">
  <testcase name="testTestScript4" time="10.763" classname="com.actitime.all_test_scripts.TestScript4"/>
</testsuite> <!-- com.actitime.all_test_scripts.TestScript4 -->
