<?xml version="1.0" encoding="UTF-8"?>
<!-- Generated by org.testng.reporters.JUnitReportReporter -->
<testsuite skipped="0" hostname="DESKTOP-V77OR2O" name="com.actitime.all_test_scripts.Drop_down1" tests="1" failures="0" timestamp="29 Oct 2018 05:11:09 GMT" time="13.628" errors="0">
  <testcase name="testDropdown" time="13.628" classname="com.actitime.all_test_scripts.Drop_down1"/>
</testsuite> <!-- com.actitime.all_test_scripts.Drop_down1 -->
