<?xml version="1.0" encoding="UTF-8"?>
<!-- Generated by org.testng.reporters.JUnitReportReporter -->
<testsuite skipped="0" hostname="DESKTOP-V77OR2O" name="com.actitime.all_test_scripts.TestScript5" tests="1" failures="0" timestamp="12 Oct 2018 16:17:08 GMT" time="10.716" errors="0">
  <testcase name="testTestScript5" time="10.716" classname="com.actitime.all_test_scripts.TestScript5"/>
</testsuite> <!-- com.actitime.all_test_scripts.TestScript5 -->
