<?xml version="1.0" encoding="UTF-8"?>
<!-- Generated by org.testng.reporters.JUnitReportReporter -->
<testsuite skipped="0" hostname="DESKTOP-V77OR2O" name="com.actitime.all_test_scripts.TestScript2" tests="1" failures="0" timestamp="08 Oct 2018 16:43:49 GMT" time="13.867" errors="0">
  <testcase name="testTestScript2" time="13.867" classname="com.actitime.all_test_scripts.TestScript2"/>
</testsuite> <!-- com.actitime.all_test_scripts.TestScript2 -->
