<?xml version="1.0" encoding="UTF-8"?>
<!-- Generated by org.testng.reporters.JUnitReportReporter -->
<testsuite skipped="0" hostname="DESKTOP-V77OR2O" name="com.actitime.all_test_scripts.pop_up1" tests="1" failures="0" timestamp="10 Oct 2018 17:28:26 GMT" time="10.739" errors="0">
  <testcase name="testpop_up1" time="10.739" classname="com.actitime.all_test_scripts.pop_up1"/>
</testsuite> <!-- com.actitime.all_test_scripts.pop_up1 -->
